[Loading interpreted kb.]
[readKB:]
[readKB: path=e:\Resume-Analyzer-main\Final-Analyzer\ResumeAnalyzer_latest-5\\kb\user]
[READ dict files time= 0.021 sec]
[popVal: Attribute not a string.]
[popVal: Attribute not a string.]
[popVal: Attribute not a string.]
[popVal: Attribute not a string.]
[popVal: Attribute not a string.]
[popVal: Attribute not a string.]
[popVal: Attribute not a string.]
[popVal: Attribute not a string.]
[popVal: Attribute not a string.]
[popVal: Attribute not a string.]
[popVal: Attribute not a string.]
[popVal: Attribute not a string.]
[popVal: Attribute not a string.]
[popVal: Attribute not a string.]
[popVal: Attribute not a string.]
[popVal: Attribute not a string.]
[popVal: Attribute not a string.]
[popVal: Attribute not a string.]
[popVal: Attribute not a string.]
[popVal: Attribute not a string.]
[popVal: Attribute not a string.]
[popVal: Attribute not a string.]
[popVal: Attribute not a string.]
[popVal: Attribute not a string.]
[popVal: Attribute not a string.]
[popVal: Attribute not a string.]
[popVal: Attribute not a string.]
[popVal: Attribute not a string.]
[popVal: Attribute not a string.]
[popVal: Attribute not a string.]
[popVal: Attribute not a string.]
[popVal: Attribute not a string.]
[popVal: Attribute not a string.]
[popVal: Attribute not a string.]
[popVal: Attribute not a string.]
[popVal: Attribute not a string.]
[popVal: Attribute not a string.]
[popVal: Attribute not a string.]
[popVal: Attribute not a string.]
[popVal: Attribute not a string.]
[popVal: Attribute not a string.]
[popVal: Attribute not a string.]
[popVal: Attribute not a string.]
[popVal: Attribute not a string.]
[popVal: Attribute not a string.]
[popVal: Attribute not a string.]
[popVal: Attribute not a string.]
[popVal: Attribute not a string.]
[popVal: Attribute not a string.]
[popVal: Attribute not a string.]
[popVal: Attribute not a string.]
[popVal: Attribute not a string.]
[popVal: Attribute not a string.]
[popVal: Attribute not a string.]
[popVal: Attribute not a string.]
[popVal: Attribute not a string.]
[popVal: Attribute not a string.]
[popVal: Attribute not a string.]
[popVal: Attribute not a string.]
[popVal: Attribute not a string.]
[popVal: Attribute not a string.]
[popVal: Attribute not a string.]
[popVal: Attribute not a string.]
[popVal: Attribute not a string.]
[popVal: Attribute not a string.]
[popVal: Attribute not a string.]
[popVal: Attribute not a string.]
[popVal: Attribute not a string.]
[popVal: Attribute not a string.]
[popVal: Attribute not a string.]
[popVal: Attribute not a string.]
[popVal: Attribute not a string.]
[popVal: Attribute not a string.]
[popVal: Attribute not a string.]
[popVal: Attribute not a string.]
[popVal: Attribute not a string.]
[popVal: Attribute not a string.]
[popVal: Attribute not a string.]
[popVal: Attribute not a string.]
[popVal: Attribute not a string.]
[popVal: Attribute not a string.]
[popVal: Attribute not a string.]
[popVal: Attribute not a string.]
[popVal: Attribute not a string.]
[popVal: Attribute not a string.]
[popVal: Attribute not a string.]
[popVal: Attribute not a string.]
[popVal: Attribute not a string.]
[popVal: Attribute not a string.]
[popVal: Attribute not a string.]
[popVal: Attribute not a string.]
[popVal: Attribute not a string.]
